{
  "uid" : "57672651b088f971",
  "name" : "testBadGroupCreation",
  "fullName" : "Suite1.testBadGroupCreation",
  "historyId" : "59396103e8665b2bf926d67c3c133bc4",
  "time" : {
    "start" : 1596224407227,
    "stop" : 1596224410745,
    "duration" : 3518
  },
  "description" : "",
  "descriptionHtml" : "",
  "status" : "failed",
  "statusMessage" : "AssertionError: \nExpected: <35>\n     but: was <[GroupData{id='226', name='test 0'}, GroupData{id='249', name='test 2'}, GroupData{id='228', name='test 2'}, GroupData{id='247', name='test 0'}, GroupData{id='253', name='test 0'}, GroupData{id='255', name='test 2'}, GroupData{id='257', name='test 1'}, GroupData{id='215', name='test 1'}, GroupData{id='239', name='test 1'}, GroupData{id='252', name='test1'}, GroupData{id='221', name='test 1'}, GroupData{id='256', name='test1'}, GroupData{id='241', name='test 0'}, GroupData{id='231', name='test 2'}, GroupData{id='243', name='test 2'}, GroupData{id='196', name='333'}, GroupData{id='229', name='test 0'}, GroupData{id='246', name='test1'}, GroupData{id='233', name='test 1'}, GroupData{id='195', name='test1'}, GroupData{id='227', name='test 1'}, GroupData{id='237', name='test1'}, GroupData{id='248', name='test 1'}, GroupData{id='254', name='test 1'}, GroupData{id='216', name='test 2'}, GroupData{id='214', name='test 0'}, GroupData{id='238', name='test 0'}, GroupData{id='258', name='test 2'}, GroupData{id='220', name='test 0'}, GroupData{id='245', name='test1'}, GroupData{id='242', name='test 1'}, GroupData{id='230', name='test 1'}, GroupData{id='240', name='test 2'}, GroupData{id='234', name='test 2'}, GroupData{id='194', name='111'}, GroupData{id='232', name='test 0'}]>",
  "statusTrace" : "java.lang.AssertionError: \nExpected: <35>\n     but: was <[GroupData{id='226', name='test 0'}, GroupData{id='249', name='test 2'}, GroupData{id='228', name='test 2'}, GroupData{id='247', name='test 0'}, GroupData{id='253', name='test 0'}, GroupData{id='255', name='test 2'}, GroupData{id='257', name='test 1'}, GroupData{id='215', name='test 1'}, GroupData{id='239', name='test 1'}, GroupData{id='252', name='test1'}, GroupData{id='221', name='test 1'}, GroupData{id='256', name='test1'}, GroupData{id='241', name='test 0'}, GroupData{id='231', name='test 2'}, GroupData{id='243', name='test 2'}, GroupData{id='196', name='333'}, GroupData{id='229', name='test 0'}, GroupData{id='246', name='test1'}, GroupData{id='233', name='test 1'}, GroupData{id='195', name='test1'}, GroupData{id='227', name='test 1'}, GroupData{id='237', name='test1'}, GroupData{id='248', name='test 1'}, GroupData{id='254', name='test 1'}, GroupData{id='216', name='test 2'}, GroupData{id='214', name='test 0'}, GroupData{id='238', name='test 0'}, GroupData{id='258', name='test 2'}, GroupData{id='220', name='test 0'}, GroupData{id='245', name='test1'}, GroupData{id='242', name='test 1'}, GroupData{id='230', name='test 1'}, GroupData{id='240', name='test 2'}, GroupData{id='234', name='test 2'}, GroupData{id='194', name='111'}, GroupData{id='232', name='test 0'}]>\n\tat org.hamcrest.MatcherAssert.assertThat(MatcherAssert.java:18)\n\tat org.hamcrest.MatcherAssert.assertThat(MatcherAssert.java:6)\n\tat ru.stqa.pft.github.addressbook.tests.GroupCreationTests.testBadGroupCreation(GroupCreationTests.java:77)\n\tat sun.reflect.NativeMethodAccessorImpl.invoke0(Native Method)\n\tat sun.reflect.NativeMethodAccessorImpl.invoke(NativeMethodAccessorImpl.java:62)\n\tat sun.reflect.DelegatingMethodAccessorImpl.invoke(DelegatingMethodAccessorImpl.java:43)\n\tat java.lang.reflect.Method.invoke(Method.java:498)\n\tat org.testng.internal.MethodInvocationHelper.invokeMethod(MethodInvocationHelper.java:134)\n\tat org.testng.internal.TestInvoker.invokeMethod(TestInvoker.java:597)\n\tat org.testng.internal.TestInvoker.invokeTestMethod(TestInvoker.java:173)\n\tat org.testng.internal.MethodRunner.runInSequence(MethodRunner.java:46)\n\tat org.testng.internal.TestInvoker$MethodInvocationAgent.invoke(TestInvoker.java:816)\n\tat org.testng.internal.TestInvoker.invokeTestMethods(TestInvoker.java:146)\n\tat org.testng.internal.TestMethodWorker.invokeTestMethods(TestMethodWorker.java:146)\n\tat org.testng.internal.TestMethodWorker.run(TestMethodWorker.java:128)\n\tat java.util.ArrayList.forEach(ArrayList.java:1257)\n\tat org.testng.TestRunner.privateRun(TestRunner.java:766)\n\tat org.testng.TestRunner.run(TestRunner.java:587)\n\tat org.testng.SuiteRunner.runTest(SuiteRunner.java:384)\n\tat org.testng.SuiteRunner.runSequentially(SuiteRunner.java:378)\n\tat org.testng.SuiteRunner.privateRun(SuiteRunner.java:337)\n\tat org.testng.SuiteRunner.run(SuiteRunner.java:286)\n\tat org.testng.SuiteRunnerWorker.runSuite(SuiteRunnerWorker.java:53)\n\tat org.testng.SuiteRunnerWorker.run(SuiteRunnerWorker.java:96)\n\tat org.testng.TestNG.runSuitesSequentially(TestNG.java:1187)\n\tat org.testng.TestNG.runSuitesLocally(TestNG.java:1109)\n\tat org.testng.TestNG.runSuites(TestNG.java:1039)\n\tat org.testng.TestNG.run(TestNG.java:1007)\n\tat org.gradle.api.internal.tasks.testing.testng.TestNGTestClassProcessor.runTests(TestNGTestClassProcessor.java:141)\n\tat org.gradle.api.internal.tasks.testing.testng.TestNGTestClassProcessor.stop(TestNGTestClassProcessor.java:90)\n\tat org.gradle.api.internal.tasks.testing.SuiteTestClassProcessor.stop(SuiteTestClassProcessor.java:61)\n\tat sun.reflect.NativeMethodAccessorImpl.invoke0(Native Method)\n\tat sun.reflect.NativeMethodAccessorImpl.invoke(NativeMethodAccessorImpl.java:62)\n\tat sun.reflect.DelegatingMethodAccessorImpl.invoke(DelegatingMethodAccessorImpl.java:43)\n\tat java.lang.reflect.Method.invoke(Method.java:498)\n\tat org.gradle.internal.dispatch.ReflectionDispatch.dispatch(ReflectionDispatch.java:36)\n\tat org.gradle.internal.dispatch.ReflectionDispatch.dispatch(ReflectionDispatch.java:24)\n\tat org.gradle.internal.dispatch.ContextClassLoaderDispatch.dispatch(ContextClassLoaderDispatch.java:33)\n\tat org.gradle.internal.dispatch.ProxyDispatchAdapter$DispatchingInvocationHandler.invoke(ProxyDispatchAdapter.java:94)\n\tat com.sun.proxy.$Proxy2.stop(Unknown Source)\n\tat org.gradle.api.internal.tasks.testing.worker.TestWorker.stop(TestWorker.java:132)\n\tat sun.reflect.NativeMethodAccessorImpl.invoke0(Native Method)\n\tat sun.reflect.NativeMethodAccessorImpl.invoke(NativeMethodAccessorImpl.java:62)\n\tat sun.reflect.DelegatingMethodAccessorImpl.invoke(DelegatingMethodAccessorImpl.java:43)\n\tat java.lang.reflect.Method.invoke(Method.java:498)\n\tat org.gradle.internal.dispatch.ReflectionDispatch.dispatch(ReflectionDispatch.java:36)\n\tat org.gradle.internal.dispatch.ReflectionDispatch.dispatch(ReflectionDispatch.java:24)\n\tat org.gradle.internal.remote.internal.hub.MessageHubBackedObjectConnection$DispatchWrapper.dispatch(MessageHubBackedObjectConnection.java:182)\n\tat org.gradle.internal.remote.internal.hub.MessageHubBackedObjectConnection$DispatchWrapper.dispatch(MessageHubBackedObjectConnection.java:164)\n\tat org.gradle.internal.remote.internal.hub.MessageHub$Handler.run(MessageHub.java:412)\n\tat org.gradle.internal.concurrent.ExecutorPolicy$CatchAndRecordFailures.onExecute(ExecutorPolicy.java:64)\n\tat org.gradle.internal.concurrent.ManagedExecutorImpl$1.run(ManagedExecutorImpl.java:48)\n\tat java.util.concurrent.ThreadPoolExecutor.runWorker(ThreadPoolExecutor.java:1149)\n\tat java.util.concurrent.ThreadPoolExecutor$Worker.run(ThreadPoolExecutor.java:624)\n\tat org.gradle.internal.concurrent.ThreadFactoryImpl$ManagedThreadRunnable.run(ThreadFactoryImpl.java:56)\n\tat java.lang.Thread.run(Thread.java:748)\n",
  "flaky" : false,
  "newFailed" : false,
  "beforeStages" : [ ],
  "testStage" : {
    "status" : "failed",
    "statusMessage" : "AssertionError: \nExpected: <35>\n     but: was <[GroupData{id='226', name='test 0'}, GroupData{id='249', name='test 2'}, GroupData{id='228', name='test 2'}, GroupData{id='247', name='test 0'}, GroupData{id='253', name='test 0'}, GroupData{id='255', name='test 2'}, GroupData{id='257', name='test 1'}, GroupData{id='215', name='test 1'}, GroupData{id='239', name='test 1'}, GroupData{id='252', name='test1'}, GroupData{id='221', name='test 1'}, GroupData{id='256', name='test1'}, GroupData{id='241', name='test 0'}, GroupData{id='231', name='test 2'}, GroupData{id='243', name='test 2'}, GroupData{id='196', name='333'}, GroupData{id='229', name='test 0'}, GroupData{id='246', name='test1'}, GroupData{id='233', name='test 1'}, GroupData{id='195', name='test1'}, GroupData{id='227', name='test 1'}, GroupData{id='237', name='test1'}, GroupData{id='248', name='test 1'}, GroupData{id='254', name='test 1'}, GroupData{id='216', name='test 2'}, GroupData{id='214', name='test 0'}, GroupData{id='238', name='test 0'}, GroupData{id='258', name='test 2'}, GroupData{id='220', name='test 0'}, GroupData{id='245', name='test1'}, GroupData{id='242', name='test 1'}, GroupData{id='230', name='test 1'}, GroupData{id='240', name='test 2'}, GroupData{id='234', name='test 2'}, GroupData{id='194', name='111'}, GroupData{id='232', name='test 0'}]>",
    "statusTrace" : "java.lang.AssertionError: \nExpected: <35>\n     but: was <[GroupData{id='226', name='test 0'}, GroupData{id='249', name='test 2'}, GroupData{id='228', name='test 2'}, GroupData{id='247', name='test 0'}, GroupData{id='253', name='test 0'}, GroupData{id='255', name='test 2'}, GroupData{id='257', name='test 1'}, GroupData{id='215', name='test 1'}, GroupData{id='239', name='test 1'}, GroupData{id='252', name='test1'}, GroupData{id='221', name='test 1'}, GroupData{id='256', name='test1'}, GroupData{id='241', name='test 0'}, GroupData{id='231', name='test 2'}, GroupData{id='243', name='test 2'}, GroupData{id='196', name='333'}, GroupData{id='229', name='test 0'}, GroupData{id='246', name='test1'}, GroupData{id='233', name='test 1'}, GroupData{id='195', name='test1'}, GroupData{id='227', name='test 1'}, GroupData{id='237', name='test1'}, GroupData{id='248', name='test 1'}, GroupData{id='254', name='test 1'}, GroupData{id='216', name='test 2'}, GroupData{id='214', name='test 0'}, GroupData{id='238', name='test 0'}, GroupData{id='258', name='test 2'}, GroupData{id='220', name='test 0'}, GroupData{id='245', name='test1'}, GroupData{id='242', name='test 1'}, GroupData{id='230', name='test 1'}, GroupData{id='240', name='test 2'}, GroupData{id='234', name='test 2'}, GroupData{id='194', name='111'}, GroupData{id='232', name='test 0'}]>\n\tat org.hamcrest.MatcherAssert.assertThat(MatcherAssert.java:18)\n\tat org.hamcrest.MatcherAssert.assertThat(MatcherAssert.java:6)\n\tat ru.stqa.pft.github.addressbook.tests.GroupCreationTests.testBadGroupCreation(GroupCreationTests.java:77)\n\tat sun.reflect.NativeMethodAccessorImpl.invoke0(Native Method)\n\tat sun.reflect.NativeMethodAccessorImpl.invoke(NativeMethodAccessorImpl.java:62)\n\tat sun.reflect.DelegatingMethodAccessorImpl.invoke(DelegatingMethodAccessorImpl.java:43)\n\tat java.lang.reflect.Method.invoke(Method.java:498)\n\tat org.testng.internal.MethodInvocationHelper.invokeMethod(MethodInvocationHelper.java:134)\n\tat org.testng.internal.TestInvoker.invokeMethod(TestInvoker.java:597)\n\tat org.testng.internal.TestInvoker.invokeTestMethod(TestInvoker.java:173)\n\tat org.testng.internal.MethodRunner.runInSequence(MethodRunner.java:46)\n\tat org.testng.internal.TestInvoker$MethodInvocationAgent.invoke(TestInvoker.java:816)\n\tat org.testng.internal.TestInvoker.invokeTestMethods(TestInvoker.java:146)\n\tat org.testng.internal.TestMethodWorker.invokeTestMethods(TestMethodWorker.java:146)\n\tat org.testng.internal.TestMethodWorker.run(TestMethodWorker.java:128)\n\tat java.util.ArrayList.forEach(ArrayList.java:1257)\n\tat org.testng.TestRunner.privateRun(TestRunner.java:766)\n\tat org.testng.TestRunner.run(TestRunner.java:587)\n\tat org.testng.SuiteRunner.runTest(SuiteRunner.java:384)\n\tat org.testng.SuiteRunner.runSequentially(SuiteRunner.java:378)\n\tat org.testng.SuiteRunner.privateRun(SuiteRunner.java:337)\n\tat org.testng.SuiteRunner.run(SuiteRunner.java:286)\n\tat org.testng.SuiteRunnerWorker.runSuite(SuiteRunnerWorker.java:53)\n\tat org.testng.SuiteRunnerWorker.run(SuiteRunnerWorker.java:96)\n\tat org.testng.TestNG.runSuitesSequentially(TestNG.java:1187)\n\tat org.testng.TestNG.runSuitesLocally(TestNG.java:1109)\n\tat org.testng.TestNG.runSuites(TestNG.java:1039)\n\tat org.testng.TestNG.run(TestNG.java:1007)\n\tat org.gradle.api.internal.tasks.testing.testng.TestNGTestClassProcessor.runTests(TestNGTestClassProcessor.java:141)\n\tat org.gradle.api.internal.tasks.testing.testng.TestNGTestClassProcessor.stop(TestNGTestClassProcessor.java:90)\n\tat org.gradle.api.internal.tasks.testing.SuiteTestClassProcessor.stop(SuiteTestClassProcessor.java:61)\n\tat sun.reflect.NativeMethodAccessorImpl.invoke0(Native Method)\n\tat sun.reflect.NativeMethodAccessorImpl.invoke(NativeMethodAccessorImpl.java:62)\n\tat sun.reflect.DelegatingMethodAccessorImpl.invoke(DelegatingMethodAccessorImpl.java:43)\n\tat java.lang.reflect.Method.invoke(Method.java:498)\n\tat org.gradle.internal.dispatch.ReflectionDispatch.dispatch(ReflectionDispatch.java:36)\n\tat org.gradle.internal.dispatch.ReflectionDispatch.dispatch(ReflectionDispatch.java:24)\n\tat org.gradle.internal.dispatch.ContextClassLoaderDispatch.dispatch(ContextClassLoaderDispatch.java:33)\n\tat org.gradle.internal.dispatch.ProxyDispatchAdapter$DispatchingInvocationHandler.invoke(ProxyDispatchAdapter.java:94)\n\tat com.sun.proxy.$Proxy2.stop(Unknown Source)\n\tat org.gradle.api.internal.tasks.testing.worker.TestWorker.stop(TestWorker.java:132)\n\tat sun.reflect.NativeMethodAccessorImpl.invoke0(Native Method)\n\tat sun.reflect.NativeMethodAccessorImpl.invoke(NativeMethodAccessorImpl.java:62)\n\tat sun.reflect.DelegatingMethodAccessorImpl.invoke(DelegatingMethodAccessorImpl.java:43)\n\tat java.lang.reflect.Method.invoke(Method.java:498)\n\tat org.gradle.internal.dispatch.ReflectionDispatch.dispatch(ReflectionDispatch.java:36)\n\tat org.gradle.internal.dispatch.ReflectionDispatch.dispatch(ReflectionDispatch.java:24)\n\tat org.gradle.internal.remote.internal.hub.MessageHubBackedObjectConnection$DispatchWrapper.dispatch(MessageHubBackedObjectConnection.java:182)\n\tat org.gradle.internal.remote.internal.hub.MessageHubBackedObjectConnection$DispatchWrapper.dispatch(MessageHubBackedObjectConnection.java:164)\n\tat org.gradle.internal.remote.internal.hub.MessageHub$Handler.run(MessageHub.java:412)\n\tat org.gradle.internal.concurrent.ExecutorPolicy$CatchAndRecordFailures.onExecute(ExecutorPolicy.java:64)\n\tat org.gradle.internal.concurrent.ManagedExecutorImpl$1.run(ManagedExecutorImpl.java:48)\n\tat java.util.concurrent.ThreadPoolExecutor.runWorker(ThreadPoolExecutor.java:1149)\n\tat java.util.concurrent.ThreadPoolExecutor$Worker.run(ThreadPoolExecutor.java:624)\n\tat org.gradle.internal.concurrent.ThreadFactoryImpl$ManagedThreadRunnable.run(ThreadFactoryImpl.java:56)\n\tat java.lang.Thread.run(Thread.java:748)\n",
    "steps" : [ ],
    "attachments" : [ {
      "uid" : "de871c5d54967d70",
      "name" : "Page screenshot",
      "source" : "de871c5d54967d70.png",
      "type" : "image/png",
      "size" : 37795
    } ],
    "parameters" : [ ],
    "shouldDisplayMessage" : true,
    "attachmentsCount" : 1,
    "hasContent" : true,
    "stepsCount" : 0
  },
  "afterStages" : [ ],
  "labels" : [ {
    "name" : "suite",
    "value" : "Suite1"
  }, {
    "name" : "testClass",
    "value" : "Suite1"
  }, {
    "name" : "testMethod",
    "value" : "testBadGroupCreation"
  }, {
    "name" : "package",
    "value" : "Suite1"
  }, {
    "name" : "resultFormat",
    "value" : "allure1"
  } ],
  "parameters" : [ ],
  "links" : [ ],
  "hidden" : false,
  "retry" : false,
  "extra" : {
    "severity" : "normal",
    "retries" : [ {
      "uid" : "29431444a964db38",
      "status" : "failed",
      "statusDetails" : "AssertionError: \nExpected: <33>\n     but: was <[GroupData{id='226', name='test 0'}, GroupData{id='249', name='test 2'}, GroupData{id='228', name='test 2'}, GroupData{id='247', name='test 0'}, GroupData{id='253', name='test 0'}, GroupData{id='255', name='test 2'}, GroupData{id='215', name='test 1'}, GroupData{id='239', name='test 1'}, GroupData{id='252', name='test1'}, GroupData{id='219', name='test 2'}, GroupData{id='221', name='test 1'}, GroupData{id='241', name='test 0'}, GroupData{id='231', name='test 2'}, GroupData{id='243', name='test 2'}, GroupData{id='196', name='333'}, GroupData{id='229', name='test 0'}, GroupData{id='246', name='test1'}, GroupData{id='233', name='test 1'}, GroupData{id='195', name='test1'}, GroupData{id='227', name='test 1'}, GroupData{id='237', name='test1'}, GroupData{id='248', name='test 1'}, GroupData{id='254', name='test 1'}, GroupData{id='216', name='test 2'}, GroupData{id='214', name='test 0'}, GroupData{id='238', name='test 0'}, GroupData{id='220', name='test 0'}, GroupData{id='245', name='test1'}, GroupData{id='242', name='test 1'}, GroupData{id='230', name='test 1'}, GroupData{id='240', name='test 2'}, GroupData{id='234', name='test 2'}, GroupData{id='194', name='111'}, GroupData{id='232', name='test 0'}]>",
      "time" : {
        "start" : 1596163608076,
        "stop" : 1596163611919,
        "duration" : 3843
      }
    }, {
      "uid" : "526022935fcccfda",
      "status" : "passed",
      "time" : {
        "start" : 1596163475901,
        "stop" : 1596163479239,
        "duration" : 3338
      }
    } ],
    "categories" : [ {
      "name" : "Product defects",
      "matchedStatuses" : [ ],
      "flaky" : false
    } ],
    "tags" : [ ]
  },
  "source" : "57672651b088f971.json",
  "parameterValues" : [ ]
}