<?xml version="1.0" encoding="UTF-8" standalone="yes"?>
<ns2:test-suite xmlns:ns2="urn:model.allure.qatools.yandex.ru" start="1596163607999" stop="1596163619129">
    <name>Suite1</name>
    <test-cases>
        <test-case start="1596163608076" stop="1596163611919" status="failed">
            <name>testBadGroupCreation</name>
            <failure>
                <message>AssertionError: 
Expected: &lt;33&gt;
     but: was &lt;[GroupData{id='226', name='test 0'}, GroupData{id='249', name='test 2'}, GroupData{id='228', name='test 2'}, GroupData{id='247', name='test 0'}, GroupData{id='253', name='test 0'}, GroupData{id='255', name='test 2'}, GroupData{id='215', name='test 1'}, GroupData{id='239', name='test 1'}, GroupData{id='252', name='test1'}, GroupData{id='219', name='test 2'}, GroupData{id='221', name='test 1'}, GroupData{id='241', name='test 0'}, GroupData{id='231', name='test 2'}, GroupData{id='243', name='test 2'}, GroupData{id='196', name='333'}, GroupData{id='229', name='test 0'}, GroupData{id='246', name='test1'}, GroupData{id='233', name='test 1'}, GroupData{id='195', name='test1'}, GroupData{id='227', name='test 1'}, GroupData{id='237', name='test1'}, GroupData{id='248', name='test 1'}, GroupData{id='254', name='test 1'}, GroupData{id='216', name='test 2'}, GroupData{id='214', name='test 0'}, GroupData{id='238', name='test 0'}, GroupData{id='220', name='test 0'}, GroupData{id='245', name='test1'}, GroupData{id='242', name='test 1'}, GroupData{id='230', name='test 1'}, GroupData{id='240', name='test 2'}, GroupData{id='234', name='test 2'}, GroupData{id='194', name='111'}, GroupData{id='232', name='test 0'}]&gt;</message>
                <stack-trace>java.lang.AssertionError: 
Expected: &lt;33&gt;
     but: was &lt;[GroupData{id='226', name='test 0'}, GroupData{id='249', name='test 2'}, GroupData{id='228', name='test 2'}, GroupData{id='247', name='test 0'}, GroupData{id='253', name='test 0'}, GroupData{id='255', name='test 2'}, GroupData{id='215', name='test 1'}, GroupData{id='239', name='test 1'}, GroupData{id='252', name='test1'}, GroupData{id='219', name='test 2'}, GroupData{id='221', name='test 1'}, GroupData{id='241', name='test 0'}, GroupData{id='231', name='test 2'}, GroupData{id='243', name='test 2'}, GroupData{id='196', name='333'}, GroupData{id='229', name='test 0'}, GroupData{id='246', name='test1'}, GroupData{id='233', name='test 1'}, GroupData{id='195', name='test1'}, GroupData{id='227', name='test 1'}, GroupData{id='237', name='test1'}, GroupData{id='248', name='test 1'}, GroupData{id='254', name='test 1'}, GroupData{id='216', name='test 2'}, GroupData{id='214', name='test 0'}, GroupData{id='238', name='test 0'}, GroupData{id='220', name='test 0'}, GroupData{id='245', name='test1'}, GroupData{id='242', name='test 1'}, GroupData{id='230', name='test 1'}, GroupData{id='240', name='test 2'}, GroupData{id='234', name='test 2'}, GroupData{id='194', name='111'}, GroupData{id='232', name='test 0'}]&gt;
	at org.hamcrest.MatcherAssert.assertThat(MatcherAssert.java:18)
	at org.hamcrest.MatcherAssert.assertThat(MatcherAssert.java:6)
	at ru.stqa.pft.github.addressbook.tests.GroupCreationTests.testBadGroupCreation(GroupCreationTests.java:77)
	at sun.reflect.NativeMethodAccessorImpl.invoke0(Native Method)
	at sun.reflect.NativeMethodAccessorImpl.invoke(NativeMethodAccessorImpl.java:62)
	at sun.reflect.DelegatingMethodAccessorImpl.invoke(DelegatingMethodAccessorImpl.java:43)
	at java.lang.reflect.Method.invoke(Method.java:498)
	at org.testng.internal.MethodInvocationHelper.invokeMethod(MethodInvocationHelper.java:134)
	at org.testng.internal.TestInvoker.invokeMethod(TestInvoker.java:597)
	at org.testng.internal.TestInvoker.invokeTestMethod(TestInvoker.java:173)
	at org.testng.internal.MethodRunner.runInSequence(MethodRunner.java:46)
	at org.testng.internal.TestInvoker$MethodInvocationAgent.invoke(TestInvoker.java:816)
	at org.testng.internal.TestInvoker.invokeTestMethods(TestInvoker.java:146)
	at org.testng.internal.TestMethodWorker.invokeTestMethods(TestMethodWorker.java:146)
	at org.testng.internal.TestMethodWorker.run(TestMethodWorker.java:128)
	at java.util.ArrayList.forEach(ArrayList.java:1257)
	at org.testng.TestRunner.privateRun(TestRunner.java:766)
	at org.testng.TestRunner.run(TestRunner.java:587)
	at org.testng.SuiteRunner.runTest(SuiteRunner.java:384)
	at org.testng.SuiteRunner.runSequentially(SuiteRunner.java:378)
	at org.testng.SuiteRunner.privateRun(SuiteRunner.java:337)
	at org.testng.SuiteRunner.run(SuiteRunner.java:286)
	at org.testng.SuiteRunnerWorker.runSuite(SuiteRunnerWorker.java:53)
	at org.testng.SuiteRunnerWorker.run(SuiteRunnerWorker.java:96)
	at org.testng.TestNG.runSuitesSequentially(TestNG.java:1187)
	at org.testng.TestNG.runSuitesLocally(TestNG.java:1109)
	at org.testng.TestNG.runSuites(TestNG.java:1039)
	at org.testng.TestNG.run(TestNG.java:1007)
	at org.gradle.api.internal.tasks.testing.testng.TestNGTestClassProcessor.runTests(TestNGTestClassProcessor.java:141)
	at org.gradle.api.internal.tasks.testing.testng.TestNGTestClassProcessor.stop(TestNGTestClassProcessor.java:90)
	at org.gradle.api.internal.tasks.testing.SuiteTestClassProcessor.stop(SuiteTestClassProcessor.java:61)
	at sun.reflect.NativeMethodAccessorImpl.invoke0(Native Method)
	at sun.reflect.NativeMethodAccessorImpl.invoke(NativeMethodAccessorImpl.java:62)
	at sun.reflect.DelegatingMethodAccessorImpl.invoke(DelegatingMethodAccessorImpl.java:43)
	at java.lang.reflect.Method.invoke(Method.java:498)
	at org.gradle.internal.dispatch.ReflectionDispatch.dispatch(ReflectionDispatch.java:36)
	at org.gradle.internal.dispatch.ReflectionDispatch.dispatch(ReflectionDispatch.java:24)
	at org.gradle.internal.dispatch.ContextClassLoaderDispatch.dispatch(ContextClassLoaderDispatch.java:33)
	at org.gradle.internal.dispatch.ProxyDispatchAdapter$DispatchingInvocationHandler.invoke(ProxyDispatchAdapter.java:94)
	at com.sun.proxy.$Proxy2.stop(Unknown Source)
	at org.gradle.api.internal.tasks.testing.worker.TestWorker.stop(TestWorker.java:132)
	at sun.reflect.NativeMethodAccessorImpl.invoke0(Native Method)
	at sun.reflect.NativeMethodAccessorImpl.invoke(NativeMethodAccessorImpl.java:62)
	at sun.reflect.DelegatingMethodAccessorImpl.invoke(DelegatingMethodAccessorImpl.java:43)
	at java.lang.reflect.Method.invoke(Method.java:498)
	at org.gradle.internal.dispatch.ReflectionDispatch.dispatch(ReflectionDispatch.java:36)
	at org.gradle.internal.dispatch.ReflectionDispatch.dispatch(ReflectionDispatch.java:24)
	at org.gradle.internal.remote.internal.hub.MessageHubBackedObjectConnection$DispatchWrapper.dispatch(MessageHubBackedObjectConnection.java:182)
	at org.gradle.internal.remote.internal.hub.MessageHubBackedObjectConnection$DispatchWrapper.dispatch(MessageHubBackedObjectConnection.java:164)
	at org.gradle.internal.remote.internal.hub.MessageHub$Handler.run(MessageHub.java:412)
	at org.gradle.internal.concurrent.ExecutorPolicy$CatchAndRecordFailures.onExecute(ExecutorPolicy.java:64)
	at org.gradle.internal.concurrent.ManagedExecutorImpl$1.run(ManagedExecutorImpl.java:48)
	at java.util.concurrent.ThreadPoolExecutor.runWorker(ThreadPoolExecutor.java:1149)
	at java.util.concurrent.ThreadPoolExecutor$Worker.run(ThreadPoolExecutor.java:624)
	at org.gradle.internal.concurrent.ThreadFactoryImpl$ManagedThreadRunnable.run(ThreadFactoryImpl.java:56)
	at java.lang.Thread.run(Thread.java:748)
</stack-trace>
            </failure>
            <steps/>
            <attachments>
                <attachment title="Page screenshot" source="9b0eabf7409b48ccdb13520a5a92f0542a50c87ac52c45b286e835e8a5d90ffb-attachment.png" type="image/png" size="37787"/>
            </attachments>
            <labels/>
        </test-case>
        <test-case start="1596163612035" stop="1596163614185" status="passed">
            <name>testGroupCreation[GroupData{id='2147483647', name='test 0'}]</name>
            <steps/>
            <attachments/>
            <labels/>
        </test-case>
        <test-case start="1596163614191" stop="1596163615646" status="passed">
            <name>testGroupCreation[GroupData{id='2147483647', name='test 1'}]</name>
            <steps/>
            <attachments/>
            <labels/>
        </test-case>
        <test-case start="1596163615649" stop="1596163616872" status="passed">
            <name>testGroupCreation[GroupData{id='2147483647', name='test 2'}]</name>
            <steps/>
            <attachments/>
            <labels/>
        </test-case>
        <test-case start="1596163616919" stop="1596163618162" status="passed">
            <name>testGroupModification</name>
            <steps/>
            <attachments/>
            <labels/>
        </test-case>
        <test-case start="1596163618205" stop="1596163619124" status="passed">
            <name>testGroupDeletion</name>
            <steps/>
            <attachments/>
            <labels/>
        </test-case>
    </test-cases>
    <labels/>
</ns2:test-suite>
